#
# There is insufficient memory for the Java Runtime Environment to continue.
# Native memory allocation (malloc) failed to allocate 35696 bytes for Chunk::new
# Possible reasons:
#   The system is out of physical RAM or swap space
#   In 32 bit mode, the process size limit was hit
# Possible solutions:
#   Reduce memory load on the system
#   Increase physical memory or swap space
#   Check if swap backing store is full
#   Use 64 bit Java on a 64 bit OS
#   Decrease Java heap size (-Xmx/-Xms)
#   Decrease number of Java threads
#   Decrease Java thread stack sizes (-Xss)
#   Set larger code cache with -XX:ReservedCodeCacheSize=
# This output file may be truncated or incomplete.
#
#  Out of Memory Error (allocation.cpp:390), pid=15060, tid=0x0000000000003b20
#
# JRE version: Java(TM) SE Runtime Environment (8.0_144-b01) (build 1.8.0_144-b01)
# Java VM: Java HotSpot(TM) 64-Bit Server VM (25.144-b01 mixed mode windows-amd64 compressed oops)
# Failed to write core dump. Minidumps are not enabled by default on client versions of Windows
#

---------------  T H R E A D  ---------------

Current thread (0x00000000130ad000):  JavaThread "C2 CompilerThread0" daemon [_thread_in_native, id=15136, stack(0x0000000014ab0000,0x0000000014bb0000)]

Stack: [0x0000000014ab0000,0x0000000014bb0000]
[error occurred during error reporting (printing stack bounds), id 0xc0000005]

Native frames: (J=compiled Java code, j=interpreted, Vv=VM code, C=native code)


Current CompileTask:
C2:   2596  110       4       java.math.BigInteger::implMulAdd (81 bytes)


---------------  P R O C E S S  ---------------

Java Threads: ( => current thread )
  0x0000000002de2800 JavaThread "DestroyJavaVM" [_thread_blocked, id=15080, stack(0x0000000002ce0000,0x0000000002de0000)]
  0x000000001452d000 JavaThread "Service Thread" daemon [_thread_blocked, id=15148, stack(0x0000000014db0000,0x0000000014eb0000)]
  0x00000000144d8000 JavaThread "C1 CompilerThread2" daemon [_thread_blocked, id=15144, stack(0x0000000014cb0000,0x0000000014db0000)]
  0x00000000144bd800 JavaThread "C2 CompilerThread1" daemon [_thread_in_native, id=15140, stack(0x0000000014bb0000,0x0000000014cb0000)]
=>0x00000000130ad000 JavaThread "C2 CompilerThread0" daemon [_thread_in_native, id=15136, stack(0x0000000014ab0000,0x0000000014bb0000)]
  0x00000000130ab000 JavaThread "Attach Listener" daemon [_thread_blocked, id=15132, stack(0x00000000149b0000,0x0000000014ab0000)]
  0x00000000144b8800 JavaThread "Signal Dispatcher" daemon [_thread_blocked, id=15128, stack(0x00000000148b0000,0x00000000149b0000)]
  0x000000001303a800 JavaThread "Finalizer" daemon [_thread_blocked, id=15108, stack(0x00000000142a0000,0x00000000143a0000)]
  0x0000000002ed0000 JavaThread "Reference Handler" daemon [_thread_blocked, id=15104, stack(0x00000000141a0000,0x00000000142a0000)]

Other Threads:
  0x0000000013017800 VMThread [stack: 0x00000000140a0000,0x00000000141a0000] [id=15100]
  0x000000001455d800 WatcherThread [stack: 0x0000000014eb0000,0x0000000014fb0000] [id=15152]

VM state:not at safepoint (normal execution)

VM Mutex/Monitor currently owned by a thread: None

Heap:
 PSYoungGen      total 4608K, used 2048K [0x00000000ffb00000, 0x0000000100000000, 0x0000000100000000)
  eden space 4096K, 50% used [0x00000000ffb00000,0x00000000ffd00258,0x00000000fff00000)
  from space 512K, 0% used [0x00000000fff80000,0x00000000fff80000,0x0000000100000000)
  to   space 512K, 0% used [0x00000000fff00000,0x00000000fff00000,0x00000000fff80000)
 ParOldGen       total 11264K, used 0K [0x00000000ff000000, 0x00000000ffb00000, 0x00000000ffb00000)
  object space 11264K, 0% used [0x00000000ff000000,0x00000000ff000000,0x00000000ffb00000)
 Metaspace       used 4394K, capacity 4590K, committed 4864K, reserved 1056768K
  class space    used 470K, capacity 490K, committed 512K, reserved 1048576K

Card table byte_map: [0x0000000002c20000,0x0000000002c30000] byte_map_base: 0x0000000002428000

Marking Bits: (ParMarkBitMap*) 0x000000005f25d850
 Begin Bits: [0x0000000002c40000, 0x0000000002c80000)
 End Bits:   [0x0000000002c80000, 0x0000000002cc0000)

Polling page: 0x00000000028a0000

CodeCache: size=245760Kb used=1335Kb max_used=1335Kb free=244424Kb
 bounds [0x0000000002ee0000, 0x0000000003150000, 0x0000000011ee0000]
 total_blobs=406 nmethods=135 adapters=184
 compilation: enabled

Compilation events (10 events):
Event: 0.502 Thread 0x00000000144d8000  103       3       sun.security.provider.SHA2::lf_delta0 (20 bytes)
Event: 0.502 Thread 0x00000000144d8000 nmethod 103 0x000000000301ed10 code [0x000000000301ee80, 0x000000000301f0f0]
Event: 0.504 Thread 0x00000000144d8000  106       3       java.math.BigInteger::implMulAdd (81 bytes)
Event: 0.504 Thread 0x00000000144d8000 nmethod 106 0x000000000301f1d0 code [0x000000000301f340, 0x000000000301f5d0]
Event: 0.504 Thread 0x00000000144d8000  107       3       java.math.BigInteger::mulAdd (19 bytes)
Event: 0.504 Thread 0x00000000144d8000 nmethod 107 0x000000000301f7d0 code [0x000000000301f940, 0x000000000301fb18]
Event: 0.504 Thread 0x00000000144d8000  108       3       java.math.BigInteger::implMulAddCheck (169 bytes)
Event: 0.505 Thread 0x00000000130ad000  110       4       java.math.BigInteger::implMulAdd (81 bytes)
Event: 0.506 Thread 0x00000000144d8000 nmethod 108 0x000000000301fbd0 code [0x000000000301ffc0, 0x0000000003022378]
Event: 0.506 Thread 0x00000000144d8000  109       3       java.math.BigInteger::addOne (77 bytes)

GC Heap History (0 events):
No events

Deoptimization events (0 events):
No events

Internal exceptions (2 events):
Event: 0.124 Thread 0x0000000002de2800 Exception <a 'java/lang/NoSuchMethodError': Method sun.misc.Unsafe.defineClass(Ljava/lang/String;[BII)Ljava/lang/Class; name or signature does not match> (0x00000000ffb07ca8) thrown at [C:\re\workspace\8-2-build-windows-amd64-cygwin\jdk8u144\9417\hotspot\
Event: 0.124 Thread 0x0000000002de2800 Exception <a 'java/lang/NoSuchMethodError': Method sun.misc.Unsafe.prefetchRead(Ljava/lang/Object;J)V name or signature does not match> (0x00000000ffb07f90) thrown at [C:\re\workspace\8-2-build-windows-amd64-cygwin\jdk8u144\9417\hotspot\src\share\vm\prims

Events (10 events):
Event: 0.501 loading class sun/security/rsa/RSAPrivateCrtKeyImpl
Event: 0.501 loading class java/security/interfaces/RSAPrivateCrtKey
Event: 0.501 loading class java/security/interfaces/RSAPrivateCrtKey done
Event: 0.501 loading class sun/security/rsa/RSAPrivateCrtKeyImpl done
Event: 0.501 loading class sun/security/rsa/RSACore
Event: 0.501 loading class sun/security/rsa/RSACore done
Event: 0.501 loading class sun/security/rsa/RSAPadding
Event: 0.501 loading class sun/security/rsa/RSAPadding done
Event: 0.502 loading class java/math/MutableBigInteger
Event: 0.502 loading class java/math/MutableBigInteger done


Dynamic libraries:
0x00007ff7f4180000 - 0x00007ff7f41b7000 	D:\Java\jre\bin\javaw.exe
0x00007fff96c10000 - 0x00007fff96dd1000 	C:\Windows\SYSTEM32\ntdll.dll
0x00007fff94300000 - 0x00007fff943ad000 	C:\Windows\system32\KERNEL32.DLL
0x00007fff935d0000 - 0x00007fff937b8000 	C:\Windows\system32\KERNELBASE.dll
0x00007fff96200000 - 0x00007fff962a7000 	C:\Windows\system32\ADVAPI32.dll
0x00007fff96640000 - 0x00007fff966dd000 	C:\Windows\system32\msvcrt.dll
0x00007fff94510000 - 0x00007fff9456b000 	C:\Windows\system32\sechost.dll
0x00007fff96950000 - 0x00007fff96a6c000 	C:\Windows\system32\RPCRT4.dll
0x00007fff946b0000 - 0x00007fff94806000 	C:\Windows\system32\USER32.dll
0x00007fff96a80000 - 0x00007fff96c07000 	C:\Windows\system32\GDI32.dll
0x00007fff88fd0000 - 0x00007fff89244000 	C:\Windows\WinSxS\amd64_microsoft.windows.common-controls_6595b64144ccf1df_6.0.10586.839_none_a2ddba30a539a2ae\COMCTL32.dll
0x00007fff94020000 - 0x00007fff9429e000 	C:\Windows\system32\combase.dll
0x00007fff93f40000 - 0x00007fff93faa000 	C:\Windows\system32\bcryptPrimitives.dll
0x00007fff945f0000 - 0x00007fff9462b000 	C:\Windows\system32\IMM32.DLL
0x000000005f880000 - 0x000000005f952000 	D:\Java\jre\bin\msvcr100.dll
0x000000005ea40000 - 0x000000005f2dd000 	D:\Java\jre\bin\server\jvm.dll
0x00007fff94010000 - 0x00007fff94018000 	C:\Windows\system32\PSAPI.DLL
0x00007fff8b2b0000 - 0x00007fff8b2b9000 	C:\Windows\SYSTEM32\WSOCK32.dll
0x00007fff966e0000 - 0x00007fff9674b000 	C:\Windows\system32\WS2_32.dll
0x00007fff91230000 - 0x00007fff91253000 	C:\Windows\SYSTEM32\WINMM.dll
0x00007fff89690000 - 0x00007fff8969a000 	C:\Windows\SYSTEM32\VERSION.dll
0x00007fff91200000 - 0x00007fff9122c000 	C:\Windows\SYSTEM32\WINMMBASE.dll
0x00007fff937c0000 - 0x00007fff93803000 	C:\Windows\system32\cfgmgr32.dll
0x000000005fde0000 - 0x000000005fdef000 	D:\Java\jre\bin\verify.dll
0x000000005fdb0000 - 0x000000005fdd9000 	D:\Java\jre\bin\java.dll
0x000000005fd90000 - 0x000000005fda6000 	D:\Java\jre\bin\zip.dll
0x00007fff94ca0000 - 0x00007fff961fc000 	C:\Windows\system32\SHELL32.dll
0x00007fff938f0000 - 0x00007fff93f34000 	C:\Windows\system32\windows.storage.dll
0x00007fff94c40000 - 0x00007fff94c92000 	C:\Windows\system32\shlwapi.dll
0x00007fff932b0000 - 0x00007fff932bf000 	C:\Windows\system32\kernel.appcore.dll
0x00007fff93830000 - 0x00007fff938e5000 	C:\Windows\system32\shcore.dll
0x00007fff93250000 - 0x00007fff9329b000 	C:\Windows\system32\powrprof.dll
0x00007fff93230000 - 0x00007fff93244000 	C:\Windows\system32\profapi.dll

VM Arguments:
jvm_args: -Xmx16m 
java_command: org.eclipse.jdt.internal.launching.support.LibraryDetector
java_class_path (initial): C:\Users\10121\.vscode\extensions\redhat.java-0.16.0\server\config_win\org.eclipse.osgi\47\0\.cp\lib\launchingsupport.jar
Launcher Type: SUN_STANDARD

Environment Variables:
JAVA_HOME=D:/Java
CLASSPATH=.;D:/Java\lib;D:/Java\lib\tools.jar
PATH=C:\Perl\site\bin;C:\Perl\bin;C:\ProgramData\Oracle\Java\javapath;C:\Program Files\Microsoft MPI\Bin\;C:\Windows\system32;C:\Windows;C:\Windows\System32\Wbem;C:\Windows\System32\WindowsPowerShell\v1.0\;C:\Program Files (x86)\AMD\ATI.ACE\Core-Static;C:\Program Files\Microsoft SQL Server\130\Tools\Binn\;C:\Program Files\dotnet\;C:\Program Files\Anaconda3;C:\Program Files\Anaconda3\Scripts;C:\Program Files\Anaconda3\Library\bin;C:\Program Files\Git\cmd;C:\Program Files\Microsoft SQL Server\120\DTS\Binn\;C:\Program Files\Microsoft SQL Server\Client SDK\ODBC\110\Tools\Binn\;C:\Program Files (x86)\Microsoft SQL Server\120\Tools\Binn\;C:\Program Files\Microsoft SQL Server\120\Tools\Binn\;C:\Program Files (x86)\Microsoft SQL Server\120\Tools\Binn\ManagementStudio\;C:\Program Files (x86)\Microsoft SQL Server\120\DTS\Binn\;D:\software\Nodejs\;C:\Program Files\MySQL\MySQL Utilities 1.6\;D:\software\ant\apache-ant-1.10.1\bin;D:\software\cmake\bin;D:\software\MATLAB\runtime\win64;D:\software\MATLAB\bin;D:\software\MATLAB\polyspace\bin;D:\golang\bin;D:\GradleHome\wrapper\dists\gradle-2.14.1-bin\ev4hc1s4g1oc9yuae0b81rdza\gradle-2.14.1\bin;D:/Java\bin;D:/Java\jre\bin;;D:\software\Microsoft VS Code\bin
USERNAME=10121
OS=Windows_NT
PROCESSOR_IDENTIFIER=Intel64 Family 6 Model 61 Stepping 4, GenuineIntel



---------------  S Y S T E M  ---------------

OS: Windows 10.0 , 64 bit Build 10586 (10.0.10586.589)

CPU:total 4 (initial active 4) (2 cores per cpu, 2 threads per core) family 6 model 61 stepping 4, cmov, cx8, fxsr, mmx, sse, sse2, sse3, ssse3, sse4.1, sse4.2, popcnt, avx, avx2, aes, clmul, erms, 3dnowpref, lzcnt, ht, tsc, tscinvbit, bmi1, bmi2, adx

Memory: 4k page, physical 8301016k(3565940k free), swap 15897672k(298296k free)

vm_info: Java HotSpot(TM) 64-Bit Server VM (25.144-b01) for windows-amd64 JRE (1.8.0_144-b01), built on Jul 21 2017 21:57:33 by "java_re" with MS VC++ 10.0 (VS2010)

time: Sun Jan 07 23:59:48 2018
elapsed time: 2 seconds (0d 0h 0m 2s)

