#
# There is insufficient memory for the Java Runtime Environment to continue.
# Native memory allocation (malloc) failed to allocate 32744 bytes for ChunkPool::allocate
# Possible reasons:
#   The system is out of physical RAM or swap space
#   In 32 bit mode, the process size limit was hit
# Possible solutions:
#   Reduce memory load on the system
#   Increase physical memory or swap space
#   Check if swap backing store is full
#   Use 64 bit Java on a 64 bit OS
#   Decrease Java heap size (-Xmx/-Xms)
#   Decrease number of Java threads
#   Decrease Java thread stack sizes (-Xss)
#   Set larger code cache with -XX:ReservedCodeCacheSize=
# This output file may be truncated or incomplete.
#
#  Out of Memory Error (allocation.cpp:273), pid=14924, tid=0x0000000000001090
#
# JRE version: Java(TM) SE Runtime Environment (8.0_144-b01) (build 1.8.0_144-b01)
# Java VM: Java HotSpot(TM) 64-Bit Server VM (25.144-b01 mixed mode windows-amd64 compressed oops)
# Failed to write core dump. Minidumps are not enabled by default on client versions of Windows
#

---------------  T H R E A D  ---------------

Current thread (0x00000000188a7800):  JavaThread "C2 CompilerThread0" daemon [_thread_in_native, id=4240, stack(0x0000000019220000,0x0000000019320000)]

Stack: [0x0000000019220000,0x0000000019320000]
[error occurred during error reporting (printing stack bounds), id 0xc0000005]

Native frames: (J=compiled Java code, j=interpreted, Vv=VM code, C=native code)


Current CompileTask:
C2:   3214 2160   !   4       org.eclipse.osgi.internal.loader.classpath.ClasspathManager::findClassImpl (311 bytes)


---------------  P R O C E S S  ---------------

Java Threads: ( => current thread )
  0x000000001aa7a800 JavaThread "Worker-3" [_thread_blocked, id=9636, stack(0x000000001cc60000,0x000000001cd60000)]
  0x000000001aa7a000 JavaThread "Worker-2" [_thread_blocked, id=15116, stack(0x000000001cb60000,0x000000001cc60000)]
  0x000000001aa7c000 JavaThread "Bundle File Closer" daemon [_thread_blocked, id=15112, stack(0x000000001c7d0000,0x000000001c8d0000)]
  0x000000001aa76000 JavaThread "pool-1-thread-1" [_thread_in_Java, id=14976, stack(0x000000001c6d0000,0x000000001c7d0000)]
  0x000000001aa79000 JavaThread "pool-2-thread-1" [_thread_blocked, id=14972, stack(0x000000001c3d0000,0x000000001c4d0000)]
  0x000000001a9f5800 JavaThread "Worker-1" [_thread_in_native, id=14904, stack(0x000000001c2d0000,0x000000001c3d0000)]
  0x000000001a766800 JavaThread "Java indexing" daemon [_thread_blocked, id=14828, stack(0x000000001c1d0000,0x000000001c2d0000)]
  0x000000001a8a4000 JavaThread "Worker-0" [_thread_in_native, id=14900, stack(0x000000001bed0000,0x000000001bfd0000)]
  0x000000001a829000 JavaThread "Worker-JM" [_thread_blocked, id=14896, stack(0x000000001bbd0000,0x000000001bcd0000)]
  0x0000000019bd8000 JavaThread "Resolver thread - Equinox Container: 8541ffb7-6220-4cd0-bb09-ee85ae12aade" daemon [_thread_blocked, id=14824, stack(0x000000001b6d0000,0x000000001b7d0000)]
  0x000000001a3f7800 JavaThread "Refresh Thread: Equinox Container: 8541ffb7-6220-4cd0-bb09-ee85ae12aade" daemon [_thread_blocked, id=14816, stack(0x000000001b5d0000,0x000000001b6d0000)]
  0x0000000019b62800 JavaThread "Start Level: Equinox Container: 8541ffb7-6220-4cd0-bb09-ee85ae12aade" daemon [_thread_blocked, id=14752, stack(0x000000001b3d0000,0x000000001b4d0000)]
  0x0000000019ac2000 JavaThread "Framework Event Dispatcher: org.eclipse.osgi.internal.framework.EquinoxEventPublisher@edf4efb" daemon [_thread_blocked, id=14564, stack(0x000000001b2d0000,0x000000001b3d0000)]
  0x00000000199d1800 JavaThread "Active Thread: Equinox Container: 8541ffb7-6220-4cd0-bb09-ee85ae12aade" [_thread_blocked, id=14560, stack(0x000000001b1d0000,0x000000001b2d0000)]
  0x000000001a0fb000 JavaThread "Resolver thread - Equinox Container: 8541ffb7-6220-4cd0-bb09-ee85ae12aade" daemon [_thread_blocked, id=14556, stack(0x000000001b0d0000,0x000000001b1d0000)]
  0x000000001a0fa000 JavaThread "Resolver thread - Equinox Container: 8541ffb7-6220-4cd0-bb09-ee85ae12aade" daemon [_thread_blocked, id=12264, stack(0x000000001afd0000,0x000000001b0d0000)]
  0x0000000018919800 JavaThread "Service Thread" daemon [_thread_blocked, id=14352, stack(0x0000000019520000,0x0000000019620000)]
  0x00000000188a9800 JavaThread "C1 CompilerThread2" daemon [_thread_in_vm, id=14344, stack(0x0000000019420000,0x0000000019520000)]
  0x00000000188a8800 JavaThread "C2 CompilerThread1" daemon [_thread_in_native, id=14340, stack(0x0000000019320000,0x0000000019420000)]
=>0x00000000188a7800 JavaThread "C2 CompilerThread0" daemon [_thread_in_native, id=4240, stack(0x0000000019220000,0x0000000019320000)]
  0x00000000188a7000 JavaThread "Attach Listener" daemon [_thread_blocked, id=12428, stack(0x0000000019120000,0x0000000019220000)]
  0x0000000018890000 JavaThread "Signal Dispatcher" daemon [_thread_blocked, id=10872, stack(0x0000000019020000,0x0000000019120000)]
  0x000000001888f000 JavaThread "Surrogate Locker Thread (Concurrent GC)" daemon [_thread_blocked, id=7408, stack(0x0000000018f20000,0x0000000019020000)]
  0x0000000017c14000 JavaThread "Finalizer" daemon [_thread_blocked, id=13464, stack(0x0000000018d40000,0x0000000018e40000)]
  0x0000000017c07000 JavaThread "Reference Handler" daemon [_thread_blocked, id=2564, stack(0x0000000018c40000,0x0000000018d40000)]
  0x0000000002afe000 JavaThread "main" [_thread_blocked, id=4420, stack(0x0000000002b00000,0x0000000002c00000)]

Other Threads:
  0x0000000017c04000 VMThread [stack: 0x0000000018b40000,0x0000000018c40000] [id=9436]
  0x0000000018961800 WatcherThread [stack: 0x0000000019620000,0x0000000019720000] [id=13452]

VM state:not at safepoint (normal execution)

VM Mutex/Monitor currently owned by a thread: None

Heap:
 garbage-first heap   total 131072K, used 37888K [0x00000000c0000000, 0x00000000c0100400, 0x0000000100000000)
  region size 1024K, 29 young (29696K), 10 survivors (10240K)
 Metaspace       used 23519K, capacity 25288K, committed 25600K, reserved 1071104K
  class space    used 2491K, capacity 3011K, committed 3072K, reserved 1048576K

Heap Regions: (Y=young(eden), SU=young(survivor), HS=humongous(starts), HC=humongous(continues), CS=collection set, F=free, TS=gc time stamp, PTAMS=previous top-at-mark-start, NTAMS=next top-at-mark-start)
AC   0  O    TS     0 PTAMS 0x00000000c0100000 NTAMS 0x00000000c0100000 space 1024K, 100% used [0x00000000c0000000, 0x00000000c0100000)
AC   0  O    TS     0 PTAMS 0x00000000c0200000 NTAMS 0x00000000c0200000 space 1024K, 100% used [0x00000000c0100000, 0x00000000c0200000)
AC   0  O    TS     0 PTAMS 0x00000000c0300000 NTAMS 0x00000000c0300000 space 1024K, 100% used [0x00000000c0200000, 0x00000000c0300000)
AC   0  O    TS     0 PTAMS 0x00000000c0400000 NTAMS 0x00000000c0400000 space 1024K, 100% used [0x00000000c0300000, 0x00000000c0400000)
AC   0  F    TS     0 PTAMS 0x00000000c0400000 NTAMS 0x00000000c0400000 space 1024K,   0% used [0x00000000c0400000, 0x00000000c0500000)
AC   0  F    TS     0 PTAMS 0x00000000c0500000 NTAMS 0x00000000c0500000 space 1024K,   0% used [0x00000000c0500000, 0x00000000c0600000)
AC   0  O    TS     0 PTAMS 0x00000000c0700000 NTAMS 0x00000000c0700000 space 1024K, 100% used [0x00000000c0600000, 0x00000000c0700000)
AC   0  O    TS     0 PTAMS 0x00000000c0800000 NTAMS 0x00000000c0800000 space 1024K, 100% used [0x00000000c0700000, 0x00000000c0800000)
AC   0  O    TS     0 PTAMS 0x00000000c0900000 NTAMS 0x00000000c0900000 space 1024K, 100% used [0x00000000c0800000, 0x00000000c0900000)
AC   0  O    TS     0 PTAMS 0x00000000c0a00000 NTAMS 0x00000000c0a00000 space 1024K, 100% used [0x00000000c0900000, 0x00000000c0a00000)
AC   0  O    TS     0 PTAMS 0x00000000c0b00000 NTAMS 0x00000000c0b00000 space 1024K, 100% used [0x00000000c0a00000, 0x00000000c0b00000)
AC   0  F    TS     0 PTAMS 0x00000000c0b00000 NTAMS 0x00000000c0b00000 space 1024K,   0% used [0x00000000c0b00000, 0x00000000c0c00000)
AC   0  F    TS     0 PTAMS 0x00000000c0c00000 NTAMS 0x00000000c0c00000 space 1024K,   0% used [0x00000000c0c00000, 0x00000000c0d00000)
AC   0  F    TS     0 PTAMS 0x00000000c0d00000 NTAMS 0x00000000c0d00000 space 1024K,   0% used [0x00000000c0d00000, 0x00000000c0e00000)
AC   0  F    TS     0 PTAMS 0x00000000c0e00000 NTAMS 0x00000000c0e00000 space 1024K,   0% used [0x00000000c0e00000, 0x00000000c0f00000)
AC   0  F    TS     0 PTAMS 0x00000000c0f00000 NTAMS 0x00000000c0f00000 space 1024K,   0% used [0x00000000c0f00000, 0x00000000c1000000)
AC   0  F    TS     0 PTAMS 0x00000000c1000000 NTAMS 0x00000000c1000000 space 1024K,   0% used [0x00000000c1000000, 0x00000000c1100000)
AC   0  F    TS     0 PTAMS 0x00000000c1100000 NTAMS 0x00000000c1100000 space 1024K,   0% used [0x00000000c1100000, 0x00000000c1200000)
AC   0  F    TS     0 PTAMS 0x00000000c1200000 NTAMS 0x00000000c1200000 space 1024K,   0% used [0x00000000c1200000, 0x00000000c1300000)
AC   0  F    TS     0 PTAMS 0x00000000c1300000 NTAMS 0x00000000c1300000 space 1024K,   0% used [0x00000000c1300000, 0x00000000c1400000)
AC   0  F    TS     0 PTAMS 0x00000000c1400000 NTAMS 0x00000000c1400000 space 1024K,   0% used [0x00000000c1400000, 0x00000000c1500000)
AC   0  F    TS     0 PTAMS 0x00000000c1500000 NTAMS 0x00000000c1500000 space 1024K,   0% used [0x00000000c1500000, 0x00000000c1600000)
AC   0  F    TS     0 PTAMS 0x00000000c1600000 NTAMS 0x00000000c1600000 space 1024K,   0% used [0x00000000c1600000, 0x00000000c1700000)
AC   0  F    TS     0 PTAMS 0x00000000c1700000 NTAMS 0x00000000c1700000 space 1024K,   0% used [0x00000000c1700000, 0x00000000c1800000)
AC   0  F    TS     0 PTAMS 0x00000000c1800000 NTAMS 0x00000000c1800000 space 1024K,   0% used [0x00000000c1800000, 0x00000000c1900000)
AC   0  F    TS     0 PTAMS 0x00000000c1900000 NTAMS 0x00000000c1900000 space 1024K,   0% used [0x00000000c1900000, 0x00000000c1a00000)
AC   0  F    TS     0 PTAMS 0x00000000c1a00000 NTAMS 0x00000000c1a00000 space 1024K,   0% used [0x00000000c1a00000, 0x00000000c1b00000)
AC   0  F    TS     0 PTAMS 0x00000000c1b00000 NTAMS 0x00000000c1b00000 space 1024K,   0% used [0x00000000c1b00000, 0x00000000c1c00000)
AC   0  F    TS     0 PTAMS 0x00000000c1c00000 NTAMS 0x00000000c1c00000 space 1024K,   0% used [0x00000000c1c00000, 0x00000000c1d00000)
AC   0  F    TS     0 PTAMS 0x00000000c1d00000 NTAMS 0x00000000c1d00000 space 1024K,   0% used [0x00000000c1d00000, 0x00000000c1e00000)
AC   0  F    TS     0 PTAMS 0x00000000c1e00000 NTAMS 0x00000000c1e00000 space 1024K,   0% used [0x00000000c1e00000, 0x00000000c1f00000)
AC   0  F    TS     0 PTAMS 0x00000000c1f00000 NTAMS 0x00000000c1f00000 space 1024K,   0% used [0x00000000c1f00000, 0x00000000c2000000)
AC   0  F    TS     0 PTAMS 0x00000000c2000000 NTAMS 0x00000000c2000000 space 1024K,   0% used [0x00000000c2000000, 0x00000000c2100000)
AC   0  F    TS     0 PTAMS 0x00000000c2100000 NTAMS 0x00000000c2100000 space 1024K,   0% used [0x00000000c2100000, 0x00000000c2200000)
AC   0  F    TS     0 PTAMS 0x00000000c2200000 NTAMS 0x00000000c2200000 space 1024K,   0% used [0x00000000c2200000, 0x00000000c2300000)
AC   0  F    TS     0 PTAMS 0x00000000c2300000 NTAMS 0x00000000c2300000 space 1024K,   0% used [0x00000000c2300000, 0x00000000c2400000)
AC   0  F    TS     0 PTAMS 0x00000000c2400000 NTAMS 0x00000000c2400000 space 1024K,   0% used [0x00000000c2400000, 0x00000000c2500000)
AC   0  F    TS     0 PTAMS 0x00000000c2500000 NTAMS 0x00000000c2500000 space 1024K,   0% used [0x00000000c2500000, 0x00000000c2600000)
AC   0  F    TS     0 PTAMS 0x00000000c2600000 NTAMS 0x00000000c2600000 space 1024K,   0% used [0x00000000c2600000, 0x00000000c2700000)
AC   0  F    TS     0 PTAMS 0x00000000c2700000 NTAMS 0x00000000c2700000 space 1024K,   0% used [0x00000000c2700000, 0x00000000c2800000)
AC   0  F    TS     0 PTAMS 0x00000000c2800000 NTAMS 0x00000000c2800000 space 1024K,   0% used [0x00000000c2800000, 0x00000000c2900000)
AC   0  F    TS     0 PTAMS 0x00000000c2900000 NTAMS 0x00000000c2900000 space 1024K,   0% used [0x00000000c2900000, 0x00000000c2a00000)
AC   0  F    TS     0 PTAMS 0x00000000c2a00000 NTAMS 0x00000000c2a00000 space 1024K,   0% used [0x00000000c2a00000, 0x00000000c2b00000)
AC   0  F    TS     0 PTAMS 0x00000000c2b00000 NTAMS 0x00000000c2b00000 space 1024K,   0% used [0x00000000c2b00000, 0x00000000c2c00000)
AC   0  F    TS     0 PTAMS 0x00000000c2c00000 NTAMS 0x00000000c2c00000 space 1024K,   0% used [0x00000000c2c00000, 0x00000000c2d00000)
AC   0  F    TS     0 PTAMS 0x00000000c2d00000 NTAMS 0x00000000c2d00000 space 1024K,   0% used [0x00000000c2d00000, 0x00000000c2e00000)
AC   0  F    TS     0 PTAMS 0x00000000c2e00000 NTAMS 0x00000000c2e00000 space 1024K,   0% used [0x00000000c2e00000, 0x00000000c2f00000)
AC   0  F    TS     0 PTAMS 0x00000000c2f00000 NTAMS 0x00000000c2f00000 space 1024K,   0% used [0x00000000c2f00000, 0x00000000c3000000)
AC   0  F    TS     0 PTAMS 0x00000000c3000000 NTAMS 0x00000000c3000000 space 1024K,   0% used [0x00000000c3000000, 0x00000000c3100000)
AC   0  F    TS     0 PTAMS 0x00000000c3100000 NTAMS 0x00000000c3100000 space 1024K,   0% used [0x00000000c3100000, 0x00000000c3200000)
AC   0  F    TS     0 PTAMS 0x00000000c3200000 NTAMS 0x00000000c3200000 space 1024K,   0% used [0x00000000c3200000, 0x00000000c3300000)
AC   0  F    TS     0 PTAMS 0x00000000c3300000 NTAMS 0x00000000c3300000 space 1024K,   0% used [0x00000000c3300000, 0x00000000c3400000)
AC   0  F    TS     0 PTAMS 0x00000000c3400000 NTAMS 0x00000000c3400000 space 1024K,   0% used [0x00000000c3400000, 0x00000000c3500000)
AC   0  F    TS     0 PTAMS 0x00000000c3500000 NTAMS 0x00000000c3500000 space 1024K,   0% used [0x00000000c3500000, 0x00000000c3600000)
AC   0  F    TS     0 PTAMS 0x00000000c3600000 NTAMS 0x00000000c3600000 space 1024K,   0% used [0x00000000c3600000, 0x00000000c3700000)
AC   0  F    TS     0 PTAMS 0x00000000c3700000 NTAMS 0x00000000c3700000 space 1024K,   0% used [0x00000000c3700000, 0x00000000c3800000)
AC   0  F    TS     0 PTAMS 0x00000000c3800000 NTAMS 0x00000000c3800000 space 1024K,   0% used [0x00000000c3800000, 0x00000000c3900000)
AC   0  F    TS     0 PTAMS 0x00000000c3900000 NTAMS 0x00000000c3900000 space 1024K,   0% used [0x00000000c3900000, 0x00000000c3a00000)
AC   0  F    TS     0 PTAMS 0x00000000c3a00000 NTAMS 0x00000000c3a00000 space 1024K,   0% used [0x00000000c3a00000, 0x00000000c3b00000)
AC   0  F    TS     0 PTAMS 0x00000000c3b00000 NTAMS 0x00000000c3b00000 space 1024K,   0% used [0x00000000c3b00000, 0x00000000c3c00000)
AC   0  F    TS     0 PTAMS 0x00000000c3c00000 NTAMS 0x00000000c3c00000 space 1024K,   0% used [0x00000000c3c00000, 0x00000000c3d00000)
AC   0  F    TS     0 PTAMS 0x00000000c3d00000 NTAMS 0x00000000c3d00000 space 1024K,   0% used [0x00000000c3d00000, 0x00000000c3e00000)
AC   0  F    TS     0 PTAMS 0x00000000c3e00000 NTAMS 0x00000000c3e00000 space 1024K,   0% used [0x00000000c3e00000, 0x00000000c3f00000)
AC   0  F    TS     0 PTAMS 0x00000000c3f00000 NTAMS 0x00000000c3f00000 space 1024K,   0% used [0x00000000c3f00000, 0x00000000c4000000)
AC   0  S CS TS     0 PTAMS 0x00000000c4000000 NTAMS 0x00000000c4000000 space 1024K, 100% used [0x00000000c4000000, 0x00000000c4100000)
AC   0  S CS TS     0 PTAMS 0x00000000c4100000 NTAMS 0x00000000c4100000 space 1024K, 100% used [0x00000000c4100000, 0x00000000c4200000)
AC   0  S CS TS     0 PTAMS 0x00000000c4200000 NTAMS 0x00000000c4200000 space 1024K, 100% used [0x00000000c4200000, 0x00000000c4300000)
AC   0  S CS TS     0 PTAMS 0x00000000c4300000 NTAMS 0x00000000c4300000 space 1024K, 100% used [0x00000000c4300000, 0x00000000c4400000)
AC   0  S CS TS     0 PTAMS 0x00000000c4400000 NTAMS 0x00000000c4400000 space 1024K, 100% used [0x00000000c4400000, 0x00000000c4500000)
AC   0  S CS TS     0 PTAMS 0x00000000c4500000 NTAMS 0x00000000c4500000 space 1024K, 100% used [0x00000000c4500000, 0x00000000c4600000)
AC   0  S CS TS     0 PTAMS 0x00000000c4600000 NTAMS 0x00000000c4600000 space 1024K, 100% used [0x00000000c4600000, 0x00000000c4700000)
AC   0  S CS TS     0 PTAMS 0x00000000c4700000 NTAMS 0x00000000c4700000 space 1024K, 100% used [0x00000000c4700000, 0x00000000c4800000)
AC   0  S CS TS     0 PTAMS 0x00000000c4800000 NTAMS 0x00000000c4800000 space 1024K, 100% used [0x00000000c4800000, 0x00000000c4900000)
AC   0  S CS TS     0 PTAMS 0x00000000c4900000 NTAMS 0x00000000c4900000 space 1024K, 100% used [0x00000000c4900000, 0x00000000c4a00000)
AC   0  F    TS     0 PTAMS 0x00000000c4a00000 NTAMS 0x00000000c4a00000 space 1024K,   0% used [0x00000000c4a00000, 0x00000000c4b00000)
AC   0  F    TS     0 PTAMS 0x00000000c4b00000 NTAMS 0x00000000c4b00000 space 1024K,   0% used [0x00000000c4b00000, 0x00000000c4c00000)
AC   0  F    TS     0 PTAMS 0x00000000c4c00000 NTAMS 0x00000000c4c00000 space 1024K,   0% used [0x00000000c4c00000, 0x00000000c4d00000)
AC   0  F    TS     0 PTAMS 0x00000000c4d00000 NTAMS 0x00000000c4d00000 space 1024K,   0% used [0x00000000c4d00000, 0x00000000c4e00000)
AC   0  F    TS     0 PTAMS 0x00000000c4e00000 NTAMS 0x00000000c4e00000 space 1024K,   0% used [0x00000000c4e00000, 0x00000000c4f00000)
AC   0  F    TS     0 PTAMS 0x00000000c4f00000 NTAMS 0x00000000c4f00000 space 1024K,   0% used [0x00000000c4f00000, 0x00000000c5000000)
AC   0  F    TS     0 PTAMS 0x00000000c5000000 NTAMS 0x00000000c5000000 space 1024K,   0% used [0x00000000c5000000, 0x00000000c5100000)
AC   0  F    TS     0 PTAMS 0x00000000c5100000 NTAMS 0x00000000c5100000 space 1024K,   0% used [0x00000000c5100000, 0x00000000c5200000)
AC   0  F    TS     0 PTAMS 0x00000000c5200000 NTAMS 0x00000000c5200000 space 1024K,   0% used [0x00000000c5200000, 0x00000000c5300000)
AC   0  F    TS     0 PTAMS 0x00000000c5300000 NTAMS 0x00000000c5300000 space 1024K,   0% used [0x00000000c5300000, 0x00000000c5400000)
AC   0  F    TS     0 PTAMS 0x00000000c5400000 NTAMS 0x00000000c5400000 space 1024K,   0% used [0x00000000c5400000, 0x00000000c5500000)
AC   0  F    TS     0 PTAMS 0x00000000c5500000 NTAMS 0x00000000c5500000 space 1024K,   0% used [0x00000000c5500000, 0x00000000c5600000)
AC   0  F    TS     0 PTAMS 0x00000000c5600000 NTAMS 0x00000000c5600000 space 1024K,   0% used [0x00000000c5600000, 0x00000000c5700000)
AC   0  F    TS     0 PTAMS 0x00000000c5700000 NTAMS 0x00000000c5700000 space 1024K,   0% used [0x00000000c5700000, 0x00000000c5800000)
AC   0  F    TS     0 PTAMS 0x00000000c5800000 NTAMS 0x00000000c5800000 space 1024K,   0% used [0x00000000c5800000, 0x00000000c5900000)
AC   0  F    TS     0 PTAMS 0x00000000c5900000 NTAMS 0x00000000c5900000 space 1024K,   0% used [0x00000000c5900000, 0x00000000c5a00000)
AC   0  F    TS     0 PTAMS 0x00000000c5a00000 NTAMS 0x00000000c5a00000 space 1024K,   0% used [0x00000000c5a00000, 0x00000000c5b00000)
AC   0  F    TS     0 PTAMS 0x00000000c5b00000 NTAMS 0x00000000c5b00000 space 1024K,   0% used [0x00000000c5b00000, 0x00000000c5c00000)
AC   0  F    TS     0 PTAMS 0x00000000c5c00000 NTAMS 0x00000000c5c00000 space 1024K,   0% used [0x00000000c5c00000, 0x00000000c5d00000)
AC   0  F    TS     0 PTAMS 0x00000000c5d00000 NTAMS 0x00000000c5d00000 space 1024K,   0% used [0x00000000c5d00000, 0x00000000c5e00000)
AC   0  F    TS     0 PTAMS 0x00000000c5e00000 NTAMS 0x00000000c5e00000 space 1024K,   0% used [0x00000000c5e00000, 0x00000000c5f00000)
AC   0  F    TS     0 PTAMS 0x00000000c5f00000 NTAMS 0x00000000c5f00000 space 1024K,   0% used [0x00000000c5f00000, 0x00000000c6000000)
AC   0  F    TS     0 PTAMS 0x00000000c6000000 NTAMS 0x00000000c6000000 space 1024K,   0% used [0x00000000c6000000, 0x00000000c6100000)
AC   0  F    TS     0 PTAMS 0x00000000c6100000 NTAMS 0x00000000c6100000 space 1024K,   0% used [0x00000000c6100000, 0x00000000c6200000)
AC   0  F    TS     0 PTAMS 0x00000000c6200000 NTAMS 0x00000000c6200000 space 1024K,   0% used [0x00000000c6200000, 0x00000000c6300000)
AC   0  F    TS     0 PTAMS 0x00000000c6300000 NTAMS 0x00000000c6300000 space 1024K,   0% used [0x00000000c6300000, 0x00000000c6400000)
AC   0  F    TS     0 PTAMS 0x00000000c6400000 NTAMS 0x00000000c6400000 space 1024K,   0% used [0x00000000c6400000, 0x00000000c6500000)
AC   0  F    TS     0 PTAMS 0x00000000c6500000 NTAMS 0x00000000c6500000 space 1024K,   0% used [0x00000000c6500000, 0x00000000c6600000)
AC   0  F    TS     0 PTAMS 0x00000000c6600000 NTAMS 0x00000000c6600000 space 1024K,   0% used [0x00000000c6600000, 0x00000000c6700000)
AC   0  F    TS     0 PTAMS 0x00000000c6700000 NTAMS 0x00000000c6700000 space 1024K,   0% used [0x00000000c6700000, 0x00000000c6800000)
AC   0  F    TS     0 PTAMS 0x00000000c6800000 NTAMS 0x00000000c6800000 space 1024K,   0% used [0x00000000c6800000, 0x00000000c6900000)
AC   0  F    TS     0 PTAMS 0x00000000c6900000 NTAMS 0x00000000c6900000 space 1024K,   0% used [0x00000000c6900000, 0x00000000c6a00000)
AC   0  F    TS     0 PTAMS 0x00000000c6a00000 NTAMS 0x00000000c6a00000 space 1024K,   0% used [0x00000000c6a00000, 0x00000000c6b00000)
AC   0  F    TS     0 PTAMS 0x00000000c6b00000 NTAMS 0x00000000c6b00000 space 1024K,   0% used [0x00000000c6b00000, 0x00000000c6c00000)
AC   0  F    TS     0 PTAMS 0x00000000c6c00000 NTAMS 0x00000000c6c00000 space 1024K,   0% used [0x00000000c6c00000, 0x00000000c6d00000)
AC   0  E    TS     0 PTAMS 0x00000000c6d00000 NTAMS 0x00000000c6d00000 space 1024K,  19% used [0x00000000c6d00000, 0x00000000c6e00000)
AC   0  E CS TS     0 PTAMS 0x00000000c6e00000 NTAMS 0x00000000c6e00000 space 1024K, 100% used [0x00000000c6e00000, 0x00000000c6f00000)
AC   0  E CS TS     0 PTAMS 0x00000000c6f00000 NTAMS 0x00000000c6f00000 space 1024K, 100% used [0x00000000c6f00000, 0x00000000c7000000)
AC   0  E CS TS     0 PTAMS 0x00000000c7000000 NTAMS 0x00000000c7000000 space 1024K, 100% used [0x00000000c7000000, 0x00000000c7100000)
AC   0  E CS TS     0 PTAMS 0x00000000c7100000 NTAMS 0x00000000c7100000 space 1024K, 100% used [0x00000000c7100000, 0x00000000c7200000)
AC   0  E CS TS     0 PTAMS 0x00000000c7200000 NTAMS 0x00000000c7200000 space 1024K, 100% used [0x00000000c7200000, 0x00000000c7300000)
AC   0  E CS TS     0 PTAMS 0x00000000c7300000 NTAMS 0x00000000c7300000 space 1024K, 100% used [0x00000000c7300000, 0x00000000c7400000)
AC   0  E CS TS     0 PTAMS 0x00000000c7400000 NTAMS 0x00000000c7400000 space 1024K, 100% used [0x00000000c7400000, 0x00000000c7500000)
AC   0  E CS TS     0 PTAMS 0x00000000c7500000 NTAMS 0x00000000c7500000 space 1024K, 100% used [0x00000000c7500000, 0x00000000c7600000)
AC   0  E CS TS     0 PTAMS 0x00000000c7600000 NTAMS 0x00000000c7600000 space 1024K, 100% used [0x00000000c7600000, 0x00000000c7700000)
AC   0  E CS TS     0 PTAMS 0x00000000c7700000 NTAMS 0x00000000c7700000 space 1024K, 100% used [0x00000000c7700000, 0x00000000c7800000)
AC   0  E CS TS     0 PTAMS 0x00000000c7800000 NTAMS 0x00000000c7800000 space 1024K, 100% used [0x00000000c7800000, 0x00000000c7900000)
AC   0  E CS TS     0 PTAMS 0x00000000c7900000 NTAMS 0x00000000c7900000 space 1024K, 100% used [0x00000000c7900000, 0x00000000c7a00000)
AC   0  E CS TS     0 PTAMS 0x00000000c7a00000 NTAMS 0x00000000c7a00000 space 1024K, 100% used [0x00000000c7a00000, 0x00000000c7b00000)
AC   0  E CS TS     0 PTAMS 0x00000000c7b00000 NTAMS 0x00000000c7b00000 space 1024K, 100% used [0x00000000c7b00000, 0x00000000c7c00000)
AC   0  E CS TS     0 PTAMS 0x00000000c7c00000 NTAMS 0x00000000c7c00000 space 1024K, 100% used [0x00000000c7c00000, 0x00000000c7d00000)
AC   0  E CS TS     0 PTAMS 0x00000000c7d00000 NTAMS 0x00000000c7d00000 space 1024K, 100% used [0x00000000c7d00000, 0x00000000c7e00000)
AC   0  E CS TS     0 PTAMS 0x00000000c7e00000 NTAMS 0x00000000c7e00000 space 1024K, 100% used [0x00000000c7e00000, 0x00000000c7f00000)
AC   0  E CS TS     0 PTAMS 0x00000000c7f00000 NTAMS 0x00000000c7f00000 space 1024K, 100% used [0x00000000c7f00000, 0x00000000c8000000)

Card table byte_map: [0x0000000013200000,0x0000000013400000] byte_map_base: 0x0000000012c00000

Marking Bits (Prev, Next): (CMBitMap*) 0x0000000002c3a430, (CMBitMap*) 0x0000000002c3a3d8
 Prev Bits: [0x0000000014600000, 0x0000000015600000)
 Next Bits: [0x0000000013600000, 0x0000000014600000)

Polling page: 0x00000000025c0000

CodeCache: size=245760Kb used=8291Kb max_used=8291Kb free=237468Kb
 bounds [0x0000000002d00000, 0x0000000003520000, 0x0000000011d00000]
 total_blobs=2719 nmethods=2251 adapters=380
 compilation: enabled

Compilation events (10 events):
Event: 3.186 Thread 0x00000000188a9800 2254       3       org.codehaus.plexus.util.xml.pull.MXParser::getText (125 bytes)
Event: 3.187 Thread 0x00000000188a9800 nmethod 2254 0x0000000003514610 code [0x00000000035147a0, 0x0000000003514cf8]
Event: 3.187 Thread 0x00000000188a9800 2255       3       org.codehaus.plexus.util.xml.pull.MXParser::isNameStartChar (63 bytes)
Event: 3.188 Thread 0x00000000188a9800 nmethod 2255 0x0000000003514e10 code [0x0000000003514f80, 0x0000000003515310]
Event: 3.188 Thread 0x00000000188a9800 2256       1       org.codehaus.plexus.util.xml.pull.MXParser::getDepth (5 bytes)
Event: 3.189 Thread 0x00000000188a9800 nmethod 2256 0x0000000003515410 code [0x0000000003515560, 0x0000000003515670]
Event: 3.189 Thread 0x00000000188a9800 2257       3       org.codehaus.plexus.util.xml.pull.MXParser::parseEndTag (444 bytes)
Event: 3.193 Thread 0x00000000188a9800 nmethod 2257 0x00000000035156d0 code [0x0000000003515c80, 0x00000000035190a8]
Event: 3.193 Thread 0x00000000188a9800 2258       3       org.codehaus.plexus.util.xml.pull.MXParser::newString (11 bytes)
Event: 3.193 Thread 0x00000000188a9800 nmethod 2258 0x000000000351b010 code [0x000000000351b180, 0x000000000351b368]

GC Heap History (8 events):
Event: 0.735 GC heap before
{Heap before GC invocations=0 (full 0):
 garbage-first heap   total 131072K, used 6144K [0x00000000c0000000, 0x00000000c0100400, 0x0000000100000000)
  region size 1024K, 6 young (6144K), 0 survivors (0K)
 Metaspace       used 5005K, capacity 5106K, committed 5248K, reserved 1056768K
  class space    used 534K, capacity 558K, committed 640K, reserved 1048576K
Event: 0.740 GC heap after
Heap after GC invocations=1 (full 0):
 garbage-first heap   total 131072K, used 2396K [0x00000000c0000000, 0x00000000c0100400, 0x0000000100000000)
  region size 1024K, 1 young (1024K), 1 survivors (1024K)
 Metaspace       used 5005K, capacity 5106K, committed 5248K, reserved 1056768K
  class space    used 534K, capacity 558K, committed 640K, reserved 1048576K
}
Event: 0.869 GC heap before
{Heap before GC invocations=1 (full 0):
 garbage-first heap   total 131072K, used 7516K [0x00000000c0000000, 0x00000000c0100400, 0x0000000100000000)
  region size 1024K, 6 young (6144K), 1 survivors (1024K)
 Metaspace       used 5476K, capacity 5604K, committed 5760K, reserved 1056768K
  class space    used 576K, capacity 599K, committed 640K, reserved 1048576K
Event: 0.873 GC heap after
Heap after GC invocations=2 (full 0):
 garbage-first heap   total 131072K, used 4873K [0x00000000c0000000, 0x00000000c0100400, 0x0000000100000000)
  region size 1024K, 1 young (1024K), 1 survivors (1024K)
 Metaspace       used 5476K, capacity 5604K, committed 5760K, reserved 1056768K
  class space    used 576K, capacity 599K, committed 640K, reserved 1048576K
}
Event: 1.478 GC heap before
{Heap before GC invocations=2 (full 0):
 garbage-first heap   total 131072K, used 25353K [0x00000000c0000000, 0x00000000c0100400, 0x0000000100000000)
  region size 1024K, 21 young (21504K), 1 survivors (1024K)
 Metaspace       used 8219K, capacity 8394K, committed 8576K, reserved 1056768K
  class space    used 869K, capacity 888K, committed 896K, reserved 1048576K
Event: 1.484 GC heap after
Heap after GC invocations=3 (full 0):
 garbage-first heap   total 131072K, used 9825K [0x00000000c0000000, 0x00000000c0100400, 0x0000000100000000)
  region size 1024K, 3 young (3072K), 3 survivors (3072K)
 Metaspace       used 8219K, capacity 8394K, committed 8576K, reserved 1056768K
  class space    used 869K, capacity 888K, committed 896K, reserved 1048576K
}
Event: 2.765 GC heap before
{Heap before GC invocations=3 (full 0):
 garbage-first heap   total 131072K, used 61025K [0x00000000c0000000, 0x00000000c0100400, 0x0000000100000000)
  region size 1024K, 54 young (55296K), 3 survivors (3072K)
 Metaspace       used 19763K, capacity 21160K, committed 21248K, reserved 1069056K
  class space    used 2038K, capacity 2474K, committed 2560K, reserved 1048576K
Event: 2.784 GC heap after
Heap after GC invocations=4 (full 0):
 garbage-first heap   total 131072K, used 21504K [0x00000000c0000000, 0x00000000c0100400, 0x0000000100000000)
  region size 1024K, 10 young (10240K), 10 survivors (10240K)
 Metaspace       used 19763K, capacity 21160K, committed 21248K, reserved 1069056K
  class space    used 2038K, capacity 2474K, committed 2560K, reserved 1048576K
}

Deoptimization events (10 events):
Event: 2.595 Thread 0x0000000002afe000 Uncommon trap: reason=range_check action=make_not_entrant pc=0x000000000340ade0 method=sun.reflect.generics.parser.SignatureParser.current()C @ 34
Event: 2.726 Thread 0x000000001a8a4000 Uncommon trap: reason=unstable_if action=reinterpret pc=0x0000000003232414 method=java.lang.Integer.parseInt(Ljava/lang/String;I)I @ 122
Event: 2.764 Thread 0x000000001aa76000 Uncommon trap: reason=unstable_if action=reinterpret pc=0x0000000003251580 method=java.util.jar.Manifest$FastInputStream.peek()B @ 8
Event: 2.816 Thread 0x000000001a9f5800 Uncommon trap: reason=unstable_if action=reinterpret pc=0x0000000002ea3a9c method=java.math.BigInteger.addOne([IIII)I @ 55
Event: 2.900 Thread 0x000000001a9f5800 Uncommon trap: reason=unstable_if action=reinterpret pc=0x0000000003480bf0 method=java.util.regex.Pattern$BmpCharProperty.match(Ljava/util/regex/Matcher;ILjava/lang/CharSequence;)Z @ 5
Event: 3.016 Thread 0x000000001a8a4000 Uncommon trap: reason=unstable_if action=reinterpret pc=0x00000000032a8c10 method=com.sun.org.apache.xerces.internal.impl.XMLEntityScanner.skipSpaces()Z @ 85
Event: 3.016 Thread 0x000000001a8a4000 Uncommon trap: reason=unstable_if action=reinterpret pc=0x000000000328d6d0 method=com.sun.org.apache.xerces.internal.impl.XMLEntityScanner.peekChar()I @ 51
Event: 3.028 Thread 0x000000001aa76000 Uncommon trap: reason=unstable_if action=reinterpret pc=0x00000000031ecd0c method=java.util.HashMap.getNode(ILjava/lang/Object;)Ljava/util/HashMap$Node; @ 62
Event: 3.157 Thread 0x000000001a8a4000 Uncommon trap: reason=unstable_if action=reinterpret pc=0x0000000003490eec method=java.util.zip.ZipCoder.getBytes(Ljava/lang/String;)[B @ 32
Event: 3.157 Thread 0x000000001a8a4000 Uncommon trap: reason=unstable_if action=reinterpret pc=0x00000000034ceb24 method=org.eclipse.osgi.storage.bundlefile.ZipBundleFile.getEntry(Ljava/lang/String;)Lorg/eclipse/osgi/storage/bundlefile/BundleEntry; @ 38

Internal exceptions (10 events):
Event: 2.596 Thread 0x0000000002afe000 Exception <a 'java/lang/ArrayIndexOutOfBoundsException': 221> (0x00000000c51bf258) thrown at [C:\re\workspace\8-2-build-windows-amd64-cygwin\jdk8u144\9417\hotspot\src\share\vm\interpreter\interpreterRuntime.cpp, line 366]
Event: 2.710 Thread 0x000000001a8a4000 Exception <a 'java/io/FileNotFoundException'> (0x00000000c4c20508) thrown at [C:\re\workspace\8-2-build-windows-amd64-cygwin\jdk8u144\9417\hotspot\src\share\vm\prims\jni.cpp, line 709]
Event: 2.725 Thread 0x000000001a8a4000 Exception <a 'java/io/FileNotFoundException'> (0x00000000c4cbe3a0) thrown at [C:\re\workspace\8-2-build-windows-amd64-cygwin\jdk8u144\9417\hotspot\src\share\vm\prims\jni.cpp, line 709]
Event: 2.726 Thread 0x000000001a8a4000 Exception <a 'java/io/FileNotFoundException'> (0x00000000c4cc0be8) thrown at [C:\re\workspace\8-2-build-windows-amd64-cygwin\jdk8u144\9417\hotspot\src\share\vm\prims\jni.cpp, line 709]
Event: 2.730 Thread 0x000000001aa76000 Exception <a 'java/lang/NoClassDefFoundError': org/slf4j/impl/StaticLoggerBinder> (0x00000000c4caaf30) thrown at [C:\re\workspace\8-2-build-windows-amd64-cygwin\jdk8u144\9417\hotspot\src\share\vm\classfile\systemDictionary.cpp, line 199]
Event: 2.732 Thread 0x000000001a8a4000 Exception <a 'java/io/FileNotFoundException'> (0x00000000c4cf25c8) thrown at [C:\re\workspace\8-2-build-windows-amd64-cygwin\jdk8u144\9417\hotspot\src\share\vm\prims\jni.cpp, line 709]
Event: 2.737 Thread 0x000000001aa76000 Exception <a 'java/io/FileNotFoundException'> (0x00000000c4b6a1f8) thrown at [C:\re\workspace\8-2-build-windows-amd64-cygwin\jdk8u144\9417\hotspot\src\share\vm\prims\jni.cpp, line 709]
Event: 3.027 Thread 0x000000001a8a4000 Exception <a 'sun/nio/fs/WindowsException'> (0x00000000c747a600) thrown at [C:\re\workspace\8-2-build-windows-amd64-cygwin\jdk8u144\9417\hotspot\src\share\vm\prims\jni.cpp, line 709]
Event: 3.041 Thread 0x000000001a8a4000 Exception <a 'java/io/FileNotFoundException'> (0x00000000c7355338) thrown at [C:\re\workspace\8-2-build-windows-amd64-cygwin\jdk8u144\9417\hotspot\src\share\vm\prims\jni.cpp, line 709]
Event: 3.085 Thread 0x000000001a8a4000 Exception <a 'java/io/FileNotFoundException'> (0x00000000c714a138) thrown at [C:\re\workspace\8-2-build-windows-amd64-cygwin\jdk8u144\9417\hotspot\src\share\vm\prims\jni.cpp, line 709]

Events (10 events):
Event: 3.157 loading class org/eclipse/osgi/storage/bundlefile/DirZipBundleEntry
Event: 3.157 loading class org/eclipse/osgi/storage/bundlefile/DirZipBundleEntry done
Event: 3.162 Executing VM operation: Deoptimize
Event: 3.163 Executing VM operation: Deoptimize done
Event: 3.168 loading class java/lang/ProcessBuilder
Event: 3.169 loading class java/lang/ProcessBuilder done
Event: 3.169 loading class java/lang/ProcessImpl
Event: 3.169 loading class java/lang/Process
Event: 3.169 loading class java/lang/Process done
Event: 3.169 loading class java/lang/ProcessImpl done


Dynamic libraries:
0x00007ff657920000 - 0x00007ff657957000 	D:\Java\bin\java.exe
0x00007fff96c10000 - 0x00007fff96dd1000 	C:\Windows\SYSTEM32\ntdll.dll
0x00007fff94300000 - 0x00007fff943ad000 	C:\Windows\system32\KERNEL32.DLL
0x00007fff935d0000 - 0x00007fff937b8000 	C:\Windows\system32\KERNELBASE.dll
0x00007fff96200000 - 0x00007fff962a7000 	C:\Windows\system32\ADVAPI32.dll
0x00007fff96640000 - 0x00007fff966dd000 	C:\Windows\system32\msvcrt.dll
0x00007fff94510000 - 0x00007fff9456b000 	C:\Windows\system32\sechost.dll
0x00007fff96950000 - 0x00007fff96a6c000 	C:\Windows\system32\RPCRT4.dll
0x00007fff946b0000 - 0x00007fff94806000 	C:\Windows\system32\USER32.dll
0x00007fff96a80000 - 0x00007fff96c07000 	C:\Windows\system32\GDI32.dll
0x00007fff88fd0000 - 0x00007fff89244000 	C:\Windows\WinSxS\amd64_microsoft.windows.common-controls_6595b64144ccf1df_6.0.10586.839_none_a2ddba30a539a2ae\COMCTL32.dll
0x00007fff94020000 - 0x00007fff9429e000 	C:\Windows\system32\combase.dll
0x00007fff93f40000 - 0x00007fff93faa000 	C:\Windows\system32\bcryptPrimitives.dll
0x00007fff945f0000 - 0x00007fff9462b000 	C:\Windows\system32\IMM32.DLL
0x000000005f880000 - 0x000000005f952000 	D:\Java\jre\bin\msvcr100.dll
0x000000005ea40000 - 0x000000005f2dd000 	D:\Java\jre\bin\server\jvm.dll
0x00007fff94010000 - 0x00007fff94018000 	C:\Windows\system32\PSAPI.DLL
0x00007fff91230000 - 0x00007fff91253000 	C:\Windows\SYSTEM32\WINMM.dll
0x00007fff89690000 - 0x00007fff8969a000 	C:\Windows\SYSTEM32\VERSION.dll
0x00007fff8b2b0000 - 0x00007fff8b2b9000 	C:\Windows\SYSTEM32\WSOCK32.dll
0x00007fff966e0000 - 0x00007fff9674b000 	C:\Windows\system32\WS2_32.dll
0x00007fff91200000 - 0x00007fff9122c000 	C:\Windows\SYSTEM32\WINMMBASE.dll
0x00007fff937c0000 - 0x00007fff93803000 	C:\Windows\system32\cfgmgr32.dll
0x000000005fde0000 - 0x000000005fdef000 	D:\Java\jre\bin\verify.dll
0x000000005fdb0000 - 0x000000005fdd9000 	D:\Java\jre\bin\java.dll
0x000000005fd90000 - 0x000000005fda6000 	D:\Java\jre\bin\zip.dll
0x00007fff94ca0000 - 0x00007fff961fc000 	C:\Windows\system32\SHELL32.dll
0x00007fff938f0000 - 0x00007fff93f34000 	C:\Windows\system32\windows.storage.dll
0x00007fff94c40000 - 0x00007fff94c92000 	C:\Windows\system32\shlwapi.dll
0x00007fff932b0000 - 0x00007fff932bf000 	C:\Windows\system32\kernel.appcore.dll
0x00007fff93830000 - 0x00007fff938e5000 	C:\Windows\system32\shcore.dll
0x00007fff93250000 - 0x00007fff9329b000 	C:\Windows\system32\powrprof.dll
0x00007fff93230000 - 0x00007fff93244000 	C:\Windows\system32\profapi.dll
0x00007fff92be0000 - 0x00007fff92bf7000 	C:\Windows\SYSTEM32\CRYPTSP.dll
0x00007fff92870000 - 0x00007fff928a4000 	C:\Windows\system32\rsaenh.dll
0x00007fff92e00000 - 0x00007fff92e29000 	C:\Windows\SYSTEM32\bcrypt.dll
0x00007fff929c0000 - 0x00007fff929df000 	C:\Windows\SYSTEM32\USERENV.dll
0x00007fff92d00000 - 0x00007fff92d0b000 	C:\Windows\SYSTEM32\CRYPTBASE.dll
0x000000005fd70000 - 0x000000005fd8a000 	D:\Java\jre\bin\net.dll
0x00007fff92b30000 - 0x00007fff92b8c000 	C:\Windows\system32\mswsock.dll
0x00007fff90b90000 - 0x00007fff90bc8000 	C:\Windows\SYSTEM32\IPHLPAPI.DLL
0x00007fff96a70000 - 0x00007fff96a78000 	C:\Windows\system32\NSI.dll
0x00007fff885b0000 - 0x00007fff885c6000 	C:\Windows\SYSTEM32\dhcpcsvc6.DLL
0x00007fff88580000 - 0x00007fff8859a000 	C:\Windows\SYSTEM32\dhcpcsvc.DLL
0x000000005fd50000 - 0x000000005fd61000 	D:\Java\jre\bin\nio.dll
0x0000000072000000 - 0x0000000072012000 	C:\Users\10121\.vscode\extensions\redhat.java-0.16.0\server\config_win\org.eclipse.equinox.launcher\org.eclipse.equinox.launcher.win32.win32.x86_64_1.1.550.v20170928-1359\eclipse_1629.dll
0x00007fff8da40000 - 0x00007fff8da51000 	C:\Users\10121\.vscode\extensions\redhat.java-0.16.0\server\config_win\org.eclipse.osgi\23\0\.cp\jWinHttp-1.0.0.dll
0x00007fff96750000 - 0x00007fff96893000 	C:\Windows\system32\ole32.dll
0x00007fff90a30000 - 0x00007fff90af7000 	C:\Windows\SYSTEM32\WINHTTP.dll
0x000000005fd20000 - 0x000000005fd44000 	D:\Java\jre\bin\sunec.dll

VM Arguments:
jvm_args: -Declipse.application=org.eclipse.jdt.ls.core.id1 -Dosgi.bundles.defaultStartLevel=4 -Declipse.product=org.eclipse.jdt.ls.core.product -Xverify:none -Xmx1G -XX:+UseG1GC -XX:+UseStringDeduplication 
java_command: C:\Users\10121\.vscode\extensions\redhat.java-0.16.0\server\plugins\org.eclipse.equinox.launcher_1.4.0.v20161219-1356.jar -configuration C:\Users\10121\.vscode\extensions\redhat.java-0.16.0\server\config_win -data C:\Users\10121\AppData\Roaming\Code\User\workspaceStorage\b12e90cfc7fe0a8975fa035214d711f7\redhat.java\jdt_ws
java_class_path (initial): C:\Users\10121\.vscode\extensions\redhat.java-0.16.0\server\plugins\org.eclipse.equinox.launcher_1.4.0.v20161219-1356.jar
Launcher Type: SUN_STANDARD

Environment Variables:
JAVA_HOME=D:/Java
CLASSPATH=.;D:/Java\lib;D:/Java\lib\tools.jar
PATH=C:\Perl\site\bin;C:\Perl\bin;C:\ProgramData\Oracle\Java\javapath;C:\Program Files\Microsoft MPI\Bin\;C:\Windows\system32;C:\Windows;C:\Windows\System32\Wbem;C:\Windows\System32\WindowsPowerShell\v1.0\;C:\Program Files (x86)\AMD\ATI.ACE\Core-Static;C:\Program Files\Microsoft SQL Server\130\Tools\Binn\;C:\Program Files\dotnet\;C:\Program Files\Anaconda3;C:\Program Files\Anaconda3\Scripts;C:\Program Files\Anaconda3\Library\bin;C:\Program Files\Git\cmd;C:\Program Files\Microsoft SQL Server\120\DTS\Binn\;C:\Program Files\Microsoft SQL Server\Client SDK\ODBC\110\Tools\Binn\;C:\Program Files (x86)\Microsoft SQL Server\120\Tools\Binn\;C:\Program Files\Microsoft SQL Server\120\Tools\Binn\;C:\Program Files (x86)\Microsoft SQL Server\120\Tools\Binn\ManagementStudio\;C:\Program Files (x86)\Microsoft SQL Server\120\DTS\Binn\;D:\software\Nodejs\;C:\Program Files\MySQL\MySQL Utilities 1.6\;D:\software\ant\apache-ant-1.10.1\bin;D:\software\cmake\bin;D:\software\MATLAB\runtime\win64;D:\software\MATLAB\bin;D:\software\MATLAB\polyspace\bin;D:\golang\bin;D:\GradleHome\wrapper\dists\gradle-2.14.1-bin\ev4hc1s4g1oc9yuae0b81rdza\gradle-2.14.1\bin;D:/Java\bin;D:/Java\jre\bin;;D:\software\Microsoft VS Code\bin
USERNAME=10121
OS=Windows_NT
PROCESSOR_IDENTIFIER=Intel64 Family 6 Model 61 Stepping 4, GenuineIntel



---------------  S Y S T E M  ---------------

OS: Windows 10.0 , 64 bit Build 10586 (10.0.10586.589)

CPU:total 4 (initial active 4) (2 cores per cpu, 2 threads per core) family 6 model 61 stepping 4, cmov, cx8, fxsr, mmx, sse, sse2, sse3, ssse3, sse4.1, sse4.2, popcnt, avx, avx2, aes, clmul, erms, 3dnowpref, lzcnt, ht, tsc, tscinvbit, bmi1, bmi2, adx

Memory: 4k page, physical 8301016k(3385396k free), swap 15897672k(2020k free)

vm_info: Java HotSpot(TM) 64-Bit Server VM (25.144-b01) for windows-amd64 JRE (1.8.0_144-b01), built on Jul 21 2017 21:57:33 by "java_re" with MS VC++ 10.0 (VS2010)

time: Mon Jan 08 00:00:00 2018
elapsed time: 3 seconds (0d 0h 0m 3s)

