JvmtiExport can_access_local_variables 0
JvmtiExport can_hotswap_or_post_breakpoint 0
JvmtiExport can_post_on_exceptions 0
# 449 ciObject found
ciMethod java/lang/Object <init> ()V 4097 1 291059 0 0
ciMethod java/lang/Object hashCode ()I 2049 1 256 0 -1
ciMethod java/lang/Object equals (Ljava/lang/Object;)Z 2937 1 11987 0 -1
ciMethod java/lang/Object notify ()V 2049 1 256 0 -1
ciMethod java/lang/String <init> ([CII)V 2065 1 5458 0 1120
ciMethod java/lang/String <init> ([CZ)V 2049 1 14156 0 256
ciMethod java/lang/String length ()I 4097 1 105776 0 64
ciMethod java/lang/String charAt (I)C 4097 1 378330 0 128
ciMethod java/lang/String getChars ([CI)V 2057 1 8048 0 0
ciMethod java/lang/String substring (I)Ljava/lang/String; 2065 1 5755 0 1184
ciMethod java/lang/String concat (Ljava/lang/String;)Ljava/lang/String; 2057 1 7783 0 992
ciMethod java/lang/String replace (CC)Ljava/lang/String; 1033 65953 883 0 1280
ciMethod java/lang/String toCharArray ()[C 3073 1 13081 0 -1
ciMethod java/lang/String valueOf (Ljava/lang/Object;)Ljava/lang/String; 2857 1 1670 0 -1
ciMethod java/lang/System arraycopy (Ljava/lang/Object;ILjava/lang/Object;II)V 7169 1 896 0 -1
ciMethod java/lang/Throwable <init> (Ljava/lang/String;Ljava/lang/Throwable;)V 1033 1 120 0 -1
ciMethod java/lang/Throwable fillInStackTrace ()Ljava/lang/Throwable; 1817 1 202 0 -1
ciMethod java/lang/Exception <init> (Ljava/lang/String;Ljava/lang/Throwable;)V 1033 1 120 0 -1
ciMethod java/lang/ref/Reference get ()Ljava/lang/Object; 0 0 1 0 -1
ciMethod java/lang/ref/Reference <init> (Ljava/lang/Object;Ljava/lang/ref/ReferenceQueue;)V 2049 1 9618 0 512
ciMethod java/lang/ref/WeakReference <init> (Ljava/lang/Object;Ljava/lang/ref/ReferenceQueue;)V 2081 1 2452 0 0
ciMethod java/lang/Thread holdsLock (Ljava/lang/Object;)Z 0 0 1 0 -1
ciMethod java/util/Map put (Ljava/lang/Object;Ljava/lang/Object;)Ljava/lang/Object; 0 0 1 0 -1
ciMethod java/util/Map remove (Ljava/lang/Object;)Ljava/lang/Object; 0 0 1 0 -1
ciMethod java/lang/StringBuilder <init> (Ljava/lang/String;)V 2049 1 3366 0 -1
ciMethod java/lang/StringBuilder append (C)Ljava/lang/StringBuilder; 2937 1 14311 0 -1
ciMethod java/lang/StringBuilder toString ()Ljava/lang/String; 609 1 6885 0 -1
ciMethod java/io/InputStream <init> ()V 2057 1 7614 0 96
ciMethod java/io/InputStream read ([BII)I 0 0 1 0 -1
ciMethod java/io/InputStream close ()V 0 0 1 0 -1
ciMethod java/io/File toString ()Ljava/lang/String; 57 1 12 0 -1
ciMethod java/nio/Buffer position ()I 1025 1 128 0 -1
ciMethod java/util/Collection contains (Ljava/lang/Object;)Z 0 0 1 0 -1
ciMethod java/util/Collection add (Ljava/lang/Object;)Z 0 0 1 0 -1
ciMethod java/util/Collection remove (Ljava/lang/Object;)Z 0 0 1 0 -1
ciMethod java/util/List contains (Ljava/lang/Object;)Z 0 0 1 0 -1
ciMethod java/util/List iterator ()Ljava/util/Iterator; 0 0 1 0 -1
ciMethod java/lang/ref/ReferenceQueue reallyPoll ()Ljava/lang/ref/Reference; 1145 1 3503 0 -1
ciMethod java/lang/ref/ReferenceQueue poll ()Ljava/lang/ref/Reference; 2049 1 6867 0 0
ciMethod java/lang/Math max (II)I 2609 1 13792 0 -1
ciMethod java/lang/Math min (II)I 3297 1 43369 0 -1
ciMethod java/lang/ThreadLocal get ()Ljava/lang/Object; 2169 1 17964 0 -1
ciMethod java/lang/ThreadLocal set (Ljava/lang/Object;)V 105 1 2871 0 -1
ciMethod java/util/WeakHashMap maskNull (Ljava/lang/Object;)Ljava/lang/Object; 3097 1 7032 0 0
ciMethod java/util/WeakHashMap eq (Ljava/lang/Object;Ljava/lang/Object;)Z 1081 1 2104 0 0
ciMethod java/util/WeakHashMap hash (Ljava/lang/Object;)I 3097 1 7032 0 0
ciMethod java/util/WeakHashMap indexFor (II)I 3217 1 7032 0 0
ciMethod java/util/WeakHashMap expungeStaleEntries ()V 3097 1 5509 0 96
ciMethod java/util/WeakHashMap getTable ()[Ljava/util/WeakHashMap$Entry; 3097 1 7032 0 0
ciMethod java/util/WeakHashMap put (Ljava/lang/Object;Ljava/lang/Object;)Ljava/lang/Object; 2049 17 2065 0 0
ciMethod java/util/WeakHashMap resize (I)V 0 0 1 0 -1
ciMethod java/util/WeakHashMap remove (Ljava/lang/Object;)Ljava/lang/Object; 2049 41 3931 0 0
ciMethod java/util/Arrays copyOf ([BI)[B 2097 1 10483 0 -1
ciMethod java/util/Arrays copyOf ([CI)[C 1001 1 12737 0 0
ciMethod java/util/Arrays copyOfRange ([CII)[C 2065 1 5546 0 512
ciMethodData java/lang/String charAt (I)C 2 378416 orig 264 88 66 2 95 0 0 0 0 104 61 244 23 0 0 0 0 120 1 0 0 32 0 0 0 0 0 0 0 0 0 0 0 0 0 0 0 0 0 0 0 0 0 0 0 0 0 0 0 0 0 0 0 0 0 0 0 0 0 0 0 0 0 0 0 0 0 0 0 0 0 0 0 0 0 0 0 0 0 0 0 77 68 79 32 101 120 116 114 97 32 100 97 116 97 32 108 111 99 107 0 0 0 0 0 0 0 0 0 0 0 0 0 0 0 0 0 0 0 0 0 0 0 0 0 0 0 0 0 0 0 0 0 0 0 0 0 0 0 0 0 0 0 0 0 0 0 0 0 0 0 0 0 0 0 0 0 0 0 0 0 0 0 0 0 0 0 0 0 0 0 0 0 0 0 0 0 0 0 0 0 0 0 0 0 0 0 0 0 0 0 0 0 0 0 0 0 0 0 0 0 0 0 0 0 0 0 0 0 0 0 0 0 0 0 0 0 0 2 0 0 129 33 46 0 1 0 0 0 0 0 0 0 0 0 0 0 2 0 0 0 0 0 0 0 0 0 0 0 80 0 0 0 255 255 255 255 7 0 1 0 0 0 0 0 data 10 0x10007 0x0 0x40 0x5c434 0xa0007 0x5c433 0x30 0x0 0x120002 0x0 oops 0
ciMethodData java/lang/String length ()I 2 105776 orig 264 88 66 2 95 0 0 0 0 24 60 244 23 0 0 0 0 32 1 0 0 0 0 0 0 0 0 0 0 0 0 0 0 0 0 0 0 0 0 0 0 0 0 0 0 0 0 0 0 0 0 0 0 0 0 0 0 0 0 0 0 0 0 0 0 0 0 0 0 0 0 0 0 0 0 0 0 0 0 0 0 77 68 79 32 101 120 116 114 97 32 100 97 116 97 32 108 111 99 107 0 0 0 0 0 0 0 0 0 0 0 0 0 0 0 0 0 0 0 0 0 0 0 0 0 0 0 0 0 0 0 0 0 0 0 0 0 0 0 0 0 0 0 0 0 0 0 0 0 0 0 0 0 0 0 0 0 0 0 0 0 0 0 0 0 0 0 0 0 0 0 0 0 0 0 0 0 0 0 0 0 0 0 0 0 1 0 0 0 0 0 0 0 0 0 0 0 0 0 0 0 1 0 0 0 0 0 0 0 0 0 0 0 0 0 0 0 0 2 0 0 129 217 12 0 1 0 0 0 0 0 0 0 0 0 0 0 2 0 0 0 0 0 0 0 0 0 0 0 0 0 0 0 255 255 255 255 0 0 0 0 0 0 0 0 data 0 oops 0
ciMethodData java/lang/Object <init> ()V 2 291059 orig 264 88 66 2 95 0 0 0 0 128 4 244 23 0 0 0 0 32 1 0 0 0 0 0 0 0 0 0 0 0 0 0 0 0 0 0 0 0 0 0 0 0 0 0 0 0 0 0 0 0 0 0 0 0 0 0 0 0 0 0 0 0 0 0 0 0 0 0 0 0 0 0 0 0 0 0 0 0 0 0 0 77 68 79 32 101 120 116 114 97 32 100 97 116 97 32 108 111 99 107 0 0 0 0 0 0 0 0 0 0 0 0 0 0 0 0 0 0 0 0 0 0 0 0 0 0 0 0 0 0 0 0 0 0 0 0 0 0 0 0 0 0 0 0 0 0 0 0 0 0 0 0 0 0 0 0 0 0 0 0 0 0 0 0 0 0 0 0 0 0 0 0 0 0 0 0 0 0 0 0 0 0 0 0 0 1 0 0 0 0 0 0 0 1 0 0 0 0 0 0 0 1 0 0 0 0 0 0 0 0 0 0 0 0 0 0 0 0 2 0 0 153 119 35 0 1 0 0 0 0 0 0 0 0 0 0 0 2 0 0 0 0 0 3 0 1 0 0 0 0 0 0 0 255 255 255 255 0 0 0 0 0 0 0 0 data 0 oops 0
ciMethod java/util/Iterator hasNext ()Z 0 0 1 0 -1
ciMethod java/util/Iterator next ()Ljava/lang/Object; 0 0 1 0 -1
ciMethod java/io/BufferedInputStream close ()V 1065 1 131 0 0
ciMethod java/io/FilterInputStream <init> (Ljava/io/InputStream;)V 2049 1 3829 0 0
ciMethod java/io/FilterInputStream read ([BII)I 2057 1 2172 0 0
ciMethod java/io/FilterInputStream close ()V 3121 1 1614 0 0
ciMethod java/util/concurrent/atomic/AtomicReferenceFieldUpdater compareAndSet (Ljava/lang/Object;Ljava/lang/Object;Ljava/lang/Object;)Z 0 0 1 0 -1
ciMethod sun/nio/cs/ArrayEncoder encode ([CII[B)I 0 0 1 0 -1
ciMethod java/nio/charset/CharsetEncoder maxBytesPerChar ()F 2105 1 7493 0 -1
ciMethod java/nio/charset/CharsetEncoder encode (Ljava/nio/CharBuffer;Ljava/nio/ByteBuffer;Z)Ljava/nio/charset/CoderResult; 0 0 18 0 -1
ciMethod java/nio/charset/CharsetEncoder flush (Ljava/nio/ByteBuffer;)Ljava/nio/charset/CoderResult; 0 0 6 0 -1
ciMethod java/nio/charset/CharsetEncoder reset ()Ljava/nio/charset/CharsetEncoder; 2049 1 6691 0 -1
ciMethod java/nio/ByteBuffer wrap ([B)Ljava/nio/ByteBuffer; 33 1 96 0 -1
ciMethod java/nio/CharBuffer wrap ([C)Ljava/nio/CharBuffer; 0 0 1 0 -1
ciMethod java/nio/charset/CoderResult isUnderflow ()Z 81 1 1141 0 -1
ciMethod java/util/WeakHashMap$Entry <init> (Ljava/lang/Object;Ljava/lang/Object;Ljava/lang/ref/ReferenceQueue;ILjava/util/WeakHashMap$Entry;)V 2057 1 2065 0 0
ciMethodData java/lang/String <init> ([CII)V 2 5458 orig 264 88 66 2 95 0 0 0 0 88 49 244 23 0 0 0 0 80 2 0 0 208 0 0 0 0 0 0 0 0 0 0 0 0 0 0 0 0 0 0 0 0 0 0 0 0 0 0 0 0 0 0 0 0 0 0 0 0 0 0 0 0 0 0 0 0 0 0 0 0 0 0 0 0 0 0 0 0 0 0 0 77 68 79 32 101 120 116 114 97 32 100 97 116 97 32 108 111 99 107 0 0 0 0 0 0 0 0 0 0 0 0 0 0 0 0 0 0 0 0 0 0 0 0 0 0 0 0 0 0 0 0 0 0 0 0 0 0 0 0 0 0 0 0 0 0 0 0 0 0 0 0 0 0 0 0 0 0 0 0 0 0 0 0 0 0 0 0 0 0 0 0 0 0 0 0 0 0 0 0 0 0 0 0 0 0 0 0 0 0 0 0 0 0 0 0 0 0 0 0 0 0 0 0 0 0 0 0 0 0 0 0 0 0 0 0 0 2 1 0 0 129 162 0 0 1 0 0 0 0 0 0 0 0 0 0 0 2 0 0 0 0 0 14 0 2 0 0 0 240 0 0 0 255 255 255 255 2 0 1 0 0 0 0 0 data 30 0x10002 0x1450 0x50007 0x1450 0x30 0x0 0xd0002 0x0 0x120007 0x1449 0x70 0x7 0x160007 0x7 0x30 0x0 0x1e0002 0x0 0x250007 0x0 0x20 0x7 0x370007 0x1449 0x30 0x0 0x410002 0x0 0x4b0002 0x1449 oops 0
ciMethodData java/util/Arrays copyOfRange ([CII)[C 2 5546 orig 264 88 66 2 95 0 0 0 0 248 143 5 24 0 0 0 0 120 2 0 0 240 0 0 0 0 0 0 0 0 0 0 0 0 0 0 0 0 0 0 0 0 0 0 0 0 0 0 0 0 0 0 0 0 0 0 0 0 0 0 0 0 0 0 0 0 0 0 0 0 0 0 0 0 0 0 0 0 0 0 0 77 68 79 32 101 120 116 114 97 32 100 97 116 97 32 108 111 99 107 0 0 0 0 0 0 0 0 0 0 0 0 0 0 0 0 0 0 0 0 0 0 0 0 0 0 0 0 0 0 0 0 0 0 0 0 0 0 0 0 0 0 0 0 0 0 0 0 0 0 0 0 0 0 0 0 0 0 0 0 0 0 0 0 0 0 0 0 0 0 0 0 0 0 0 0 0 0 0 0 0 0 0 0 0 0 0 0 0 0 0 0 0 0 0 0 0 0 0 0 0 0 0 0 0 0 0 0 0 0 0 0 0 0 0 0 0 2 1 0 0 65 165 0 0 1 0 0 0 0 0 0 0 0 0 0 0 2 0 0 0 0 0 9 0 2 0 0 0 32 1 0 0 255 255 255 255 7 0 5 0 0 0 0 0 data 36 0x50007 0x14a8 0x100 0x0 0x100002 0x0 0x140005 0x0 0x0 0x0 0x0 0x0 0x190005 0x0 0x0 0x0 0x0 0x0 0x1d0005 0x0 0x0 0x0 0x0 0x0 0x200005 0x0 0x0 0x0 0x0 0x0 0x230002 0x0 0x360002 0x14a8 0x390002 0x14a8 oops 0
ciMethod java/util/zip/ZipFile getEntry (Ljava/lang/String;)Ljava/util/zip/ZipEntry; 2049 1 7043 0 4224
ciMethod java/util/zip/ZipFile getEntry (J[BZ)J 3073 1 384 0 -1
ciMethod java/util/zip/ZipFile freeEntry (JJ)V 3081 1 385 0 -1
ciMethod java/util/zip/ZipFile getInputStream (Ljava/util/zip/ZipEntry;)Ljava/io/InputStream; 1153 1 2041 0 0
ciMethod java/util/zip/ZipFile getInflater ()Ljava/util/zip/Inflater; 2177 1 2043 0 0
ciMethod java/util/zip/ZipFile releaseInflater (Ljava/util/zip/Inflater;)V 1553 1 2059 0 0
ciMethod java/util/zip/ZipFile getZipEntry (Ljava/lang/String;J)Ljava/util/zip/ZipEntry; 1969 1 2249 0 -1
ciMethod java/util/zip/ZipFile ensureOpen ()V 2057 1 5411 0 96
ciMethod java/util/zip/ZipFile ensureOpenOrZipException ()V 2049 1 2279 0 0
ciMethod java/util/zip/ZipFile read (JJJ[BII)I 3081 1 385 0 -1
ciMethod java/util/zip/ZipFile getEntryCSize (J)J 3073 1 384 0 -1
ciMethod java/util/zip/ZipFile getEntrySize (J)J 2049 1 256 0 -1
ciMethod java/util/zip/ZipFile getEntryMethod (J)I 3073 1 384 0 -1
ciMethod java/util/zip/ZipFile access$000 (Ljava/util/zip/ZipFile;)Ljava/util/Map; 1025 1 128 0 0
ciMethod java/util/zip/ZipFile access$100 (Ljava/util/zip/ZipFile;Ljava/util/zip/Inflater;)V 1553 1 2059 0 0
ciMethod java/util/zip/ZipFile access$400 (Ljava/util/zip/ZipFile;)J 2057 1 6254 0 0
ciMethod java/util/zip/ZipFile access$1000 (JJ)V 825 1 1987 0 -1
ciMethod java/util/zip/ZipFile access$1100 (J)J 3073 1 2044 0 0
ciMethod java/util/zip/ZipFile access$1200 (J)J 3073 1 2044 0 0
ciMethod java/util/zip/ZipFile access$1300 (Ljava/util/zip/ZipFile;)V 2049 1 2279 0 0
ciMethod java/util/zip/ZipFile access$1400 (JJJ[BII)I 2049 1 2281 0 0
ciMethod java/util/Deque add (Ljava/lang/Object;)Z 0 0 1 0 -1
ciMethod java/util/Deque poll ()Ljava/lang/Object; 0 0 1 0 -1
ciMethod java/util/ArrayDeque doubleCapacity ()V 0 0 1 0 -1
ciMethod java/util/ArrayDeque addLast (Ljava/lang/Object;)V 3073 1 2059 0 0
ciMethod java/util/ArrayDeque pollFirst ()Ljava/lang/Object; 2049 1 2102 0 0
ciMethod java/util/ArrayDeque add (Ljava/lang/Object;)Z 3073 1 2059 0 0
ciMethod java/util/ArrayDeque poll ()Ljava/lang/Object; 2049 1 2102 0 0
ciMethod java/util/zip/ZipCoder getBytes (Ljava/lang/String;)[B 2065 1 6254 0 2016
ciMethod java/util/zip/ZipCoder getBytesUTF8 (Ljava/lang/String;)[B 0 0 1 0 -1
ciMethod java/util/zip/ZipCoder isUTF8 ()Z 1025 1 128 0 0
ciMethod java/util/zip/ZipCoder encoder ()Ljava/nio/charset/CharsetEncoder; 2065 1 6254 0 -1
ciMethod java/util/zip/ZipEntry getSize ()J 2057 1 3587 0 0
ciMethod java/util/zip/ZipEntry isDirectory ()Z 2049 1 445 0 -1
ciMethod java/util/zip/ZipFile$ZipFileInputStream <init> (Ljava/util/zip/ZipFile;J)V 2177 1 2043 0 0
ciMethod java/util/zip/ZipFile$ZipFileInputStream read ([BII)I 2049 1 2280 0 0
ciMethod java/util/zip/ZipFile$ZipFileInputStream close ()V 2049 1 5387 0 2592
ciMethod java/util/zip/Inflater <init> (Z)V 193 1 156 0 0
ciMethod java/util/zip/Inflater setInput ([BII)V 2049 1 2281 0 0
ciMethod java/util/zip/Inflater needsInput ()Z 905 1 2280 0 0
ciMethod java/util/zip/Inflater needsDictionary ()Z 905 1 2280 0 0
ciMethod java/util/zip/Inflater finished ()Z 905 1 2499 0 0
ciMethod java/util/zip/Inflater inflate ([BII)I 2049 1 5623 0 0
ciMethod java/util/zip/Inflater reset ()V 2577 1 2059 0 0
ciMethod java/util/zip/Inflater end ()V 17 1 34 0 -1
ciMethod java/util/zip/Inflater ensureOpen ()V 2433 1 5427 0 96
ciMethod java/util/zip/Inflater ended ()Z 2049 1 3935 0 0
ciMethod java/util/zip/Inflater init (Z)J 1257 1 156 0 -1
ciMethod java/util/zip/Inflater inflateBytes (J[BII)I 2049 1 256 0 -1
ciMethod java/util/zip/Inflater reset (J)V 3073 1 384 0 -1
ciMethod java/util/zip/ZStreamRef <init> (J)V 193 1 156 0 0
ciMethod java/util/zip/ZStreamRef address ()J 3089 1 16855 0 0
ciMethod java/util/zip/ZipFile$ZipFileInflaterInputStream <init> (Ljava/util/zip/ZipFile;Ljava/util/zip/ZipFile$ZipFileInputStream;Ljava/util/zip/Inflater;I)V 2177 1 2043 0 0
ciMethod java/util/zip/ZipFile$ZipFileInflaterInputStream close ()V 2049 1 3718 0 0
ciMethod java/util/zip/ZipFile$ZipFileInflaterInputStream fill ()V 2049 1 2280 0 0
ciMethod java/util/zip/InflaterInputStream ensureOpen ()V 2049 1 3342 0 0
ciMethod java/util/zip/InflaterInputStream <init> (Ljava/io/InputStream;Ljava/util/zip/Inflater;I)V 2177 1 2052 0 0
ciMethod java/util/zip/InflaterInputStream read ([BII)I 2049 905 3342 0 0
ciMethod java/util/zip/InflaterInputStream close ()V 1553 1 2059 0 0
ciMethod java/util/zip/InflaterInputStream fill ()V 0 0 1 0 -1
ciMethodData java/util/Arrays copyOf ([CI)[C 2 12737 orig 264 88 66 2 95 0 0 0 0 48 136 5 24 0 0 0 0 112 1 0 0 0 0 0 0 0 0 0 0 0 0 0 0 0 0 0 0 0 0 0 0 0 0 0 0 0 0 0 0 0 0 0 0 0 0 0 0 0 0 0 0 0 0 0 0 0 0 0 0 0 0 0 0 0 0 0 0 0 0 0 0 77 68 79 32 101 120 116 114 97 32 100 97 116 97 32 108 111 99 107 0 0 0 0 0 0 0 0 0 0 0 0 0 0 0 0 0 0 0 0 0 0 0 0 0 0 0 0 0 0 0 0 0 0 0 0 0 0 0 0 0 0 0 0 0 0 0 0 0 0 0 0 0 0 0 0 0 0 0 0 0 0 0 0 0 0 0 0 0 0 0 0 0 0 0 0 0 0 0 0 0 0 0 0 0 0 0 0 0 0 0 0 0 0 0 0 0 0 0 0 0 0 0 0 0 0 0 0 0 0 0 0 0 0 0 0 0 125 0 0 0 33 138 1 0 1 0 0 0 0 0 0 0 0 0 0 0 2 0 0 0 0 0 7 0 2 0 0 0 32 0 0 0 255 255 255 255 2 0 11 0 0 0 0 0 data 4 0xb0002 0x3144 0xe0002 0x3145 oops 0
ciMethod java/io/IOException <init> (Ljava/lang/String;Ljava/lang/Throwable;)V 0 0 1 0 -1
ciMethodData java/io/InputStream <init> ()V 2 7617 orig 264 88 66 2 95 0 0 0 0 48 25 252 23 0 0 0 0 48 1 0 0 0 0 0 0 0 0 0 0 0 0 0 0 0 0 0 0 0 0 0 0 0 0 0 0 0 0 0 0 0 0 0 0 0 0 0 0 0 0 0 0 0 0 0 0 0 0 0 0 0 0 0 0 0 0 0 0 0 0 0 0 77 68 79 32 101 120 116 114 97 32 100 97 116 97 32 108 111 99 107 0 0 0 0 0 0 0 0 0 0 0 0 0 0 0 0 0 0 0 0 0 0 0 0 0 0 0 0 0 0 0 0 0 0 0 0 0 0 0 0 0 0 0 0 0 0 0 0 0 0 0 0 0 0 0 0 0 0 0 0 0 0 0 0 0 0 0 0 0 0 0 0 0 0 0 0 0 0 0 0 0 0 0 0 0 0 0 0 0 0 0 0 0 0 0 0 0 0 0 0 0 0 0 0 0 0 0 0 0 0 0 0 0 0 0 0 0 1 1 0 0 1 230 0 0 1 0 0 0 0 0 0 0 0 0 0 0 2 0 0 0 0 0 3 0 2 0 0 0 16 0 0 0 255 255 255 255 2 0 1 0 0 0 0 0 data 2 0x10002 0x1cc0 oops 0
ciMethodData java/lang/String substring (I)Ljava/lang/String; 2 5755 orig 264 88 66 2 95 0 0 0 0 136 91 244 23 0 0 0 0 208 1 0 0 128 0 0 0 0 0 0 0 0 0 0 0 0 0 0 0 0 0 0 0 0 0 0 0 0 0 0 0 0 0 0 0 0 0 0 0 0 0 0 0 0 0 0 0 0 0 0 0 0 0 0 0 0 0 0 0 0 0 0 0 77 68 79 32 101 120 116 114 97 32 100 97 116 97 32 108 111 99 107 0 0 0 0 0 0 0 0 0 0 0 0 0 0 0 0 0 0 0 0 0 0 0 0 0 0 0 0 0 0 0 0 0 0 0 0 0 0 0 0 0 0 0 0 0 0 0 0 0 0 0 0 0 0 0 0 0 0 0 0 0 0 0 0 0 0 0 0 0 0 0 0 0 0 0 0 0 0 0 0 0 0 0 0 0 0 0 0 0 0 0 0 0 0 0 0 0 0 0 0 0 0 0 0 0 0 0 0 0 0 0 0 0 0 0 0 0 2 1 0 0 201 171 0 0 1 0 0 0 0 0 0 0 0 0 0 0 2 0 0 0 0 0 10 0 2 0 0 0 168 0 0 0 255 255 255 255 7 0 1 0 0 0 0 0 data 21 0x10007 0x1579 0x30 0x0 0x90002 0x0 0x160007 0x1579 0x30 0x0 0x1e0002 0x0 0x230007 0x156a 0x38 0xf 0x270003 0xf 0x28 0x340002 0x156a oops 0
ciMethodData java/lang/ref/Reference <init> (Ljava/lang/Object;Ljava/lang/ref/ReferenceQueue;)V 2 9618 orig 264 88 66 2 95 0 0 0 0 128 131 246 23 0 0 0 0 120 1 0 0 0 0 0 0 0 0 0 0 0 0 0 0 0 0 0 0 0 0 0 0 0 0 0 0 0 0 0 0 0 0 0 0 0 0 0 0 0 0 0 0 0 0 0 0 0 0 0 0 0 0 0 0 0 0 0 0 0 0 0 0 77 68 79 32 101 120 116 114 97 32 10